<?xml version="1.0" encoding="UTF-8"?>
<!-- Generated by org.testng.reporters.JUnitReportReporter -->
<testsuite hostname="Sandeep" failures="0" tests="3" name="com.qa.opencart.tests.LoginPageTest" time="1.725" errors="0" timestamp="2024-08-28T22:33:00 IST" skipped="0">
  <testcase classname="com.qa.opencart.tests.LoginPageTest" name="verifyLogiPageTitle" time="0.764"/>
  <testcase classname="com.qa.opencart.tests.LoginPageTest" name="veriftForgotPwdLink" time="0.009"/>
  <testcase classname="com.qa.opencart.tests.LoginPageTest" name="verifyLogin" time="0.952"/>
</testsuite> <!-- com.qa.opencart.tests.LoginPageTest -->
