<?xml version="1.0" encoding="UTF-8"?>
<!-- Generated by org.testng.reporters.JUnitReportReporter -->
<testsuite hostname="Sandeep" failures="0" tests="5" name="com.qa.opencart.tests.HomePageTest" time="2.083" errors="0" timestamp="2024-08-28T22:33:00 IST" skipped="0">
  <testcase classname="com.qa.opencart.tests.HomePageTest" name="verifySearch" time="0.607"/>
  <testcase classname="com.qa.opencart.tests.HomePageTest" name="verifySearch" time="0.642"/>
  <testcase classname="com.qa.opencart.tests.HomePageTest" name="verifySearch" time="0.763"/>
  <testcase classname="com.qa.opencart.tests.HomePageTest" name="verifyHomePageTitle" time="0.062"/>
  <testcase classname="com.qa.opencart.tests.HomePageTest" name="verifyHomePageURL" time="0.009"/>
</testsuite> <!-- com.qa.opencart.tests.HomePageTest -->
